2024-08-16 22:32:12,814 [Worker-2: Loading available Gradle versions] INFO  o.e.b.c.i.u.g.PublishedGradleVersions - Gradle version information cache is up-to-date. Trying to read.
2024-08-16 22:32:52,624 [Worker-13: Launching mavenrun-ca3b407c-3121-44e4-b13a-e3496a9b6112] INFO  o.eclipse.m2e.core.internal.Bundles - getClasspathEntries(Bundle=org.eclipse.m2e.maven.runtime_3.9.700.20240602-2313 [299])
2024-08-16 22:32:52,629 [Worker-13: Launching mavenrun-ca3b407c-3121-44e4-b13a-e3496a9b6112] INFO  o.eclipse.m2e.core.internal.Bundles - 	Entry: C:\Users\maata\.p2\pool\plugins\org.eclipse.m2e.maven.runtime_3.9.700.20240602-2313
2024-08-16 22:32:52,629 [Worker-13: Launching mavenrun-ca3b407c-3121-44e4-b13a-e3496a9b6112] INFO  o.eclipse.m2e.core.internal.Bundles - 	Entry: C:\Users\maata\.p2\pool\plugins\org.eclipse.m2e.maven.runtime_3.9.700.20240602-2313\jars\aopalliance-1.0.jar
2024-08-16 22:32:52,632 [Worker-13: Launching mavenrun-ca3b407c-3121-44e4-b13a-e3496a9b6112] INFO  o.eclipse.m2e.core.internal.Bundles - 	Entry: C:\Users\maata\.p2\pool\plugins\org.eclipse.m2e.maven.runtime_3.9.700.20240602-2313\jars\guice-5.1.0.jar
2024-08-16 22:32:52,632 [Worker-13: Launching mavenrun-ca3b407c-3121-44e4-b13a-e3496a9b6112] INFO  o.eclipse.m2e.core.internal.Bundles - 	Entry: C:\Users\maata\.p2\pool\plugins\org.eclipse.m2e.maven.runtime_3.9.700.20240602-2313\jars\httpclient-4.5.14.jar
2024-08-16 22:32:52,633 [Worker-13: Launching mavenrun-ca3b407c-3121-44e4-b13a-e3496a9b6112] INFO  o.eclipse.m2e.core.internal.Bundles - 	Entry: C:\Users\maata\.p2\pool\plugins\org.eclipse.m2e.maven.runtime_3.9.700.20240602-2313\jars\httpcore-4.4.16.jar
2024-08-16 22:32:52,633 [Worker-13: Launching mavenrun-ca3b407c-3121-44e4-b13a-e3496a9b6112] INFO  o.eclipse.m2e.core.internal.Bundles - 	Entry: C:\Users\maata\.p2\pool\plugins\org.eclipse.m2e.maven.runtime_3.9.700.20240602-2313\jars\jansi-2.4.1.jar
2024-08-16 22:32:52,633 [Worker-13: Launching mavenrun-ca3b407c-3121-44e4-b13a-e3496a9b6112] INFO  o.eclipse.m2e.core.internal.Bundles - 	Entry: C:\Users\maata\.p2\pool\plugins\org.eclipse.m2e.maven.runtime_3.9.700.20240602-2313\jars\jcl-over-slf4j-1.7.36.jar
2024-08-16 22:32:52,633 [Worker-13: Launching mavenrun-ca3b407c-3121-44e4-b13a-e3496a9b6112] INFO  o.eclipse.m2e.core.internal.Bundles - 	Entry: C:\Users\maata\.p2\pool\plugins\org.eclipse.m2e.maven.runtime_3.9.700.20240602-2313\jars\maven-artifact-3.9.7.jar
2024-08-16 22:32:52,633 [Worker-13: Launching mavenrun-ca3b407c-3121-44e4-b13a-e3496a9b6112] INFO  o.eclipse.m2e.core.internal.Bundles - 	Entry: C:\Users\maata\.p2\pool\plugins\org.eclipse.m2e.maven.runtime_3.9.700.20240602-2313\jars\maven-builder-support-3.9.7.jar
2024-08-16 22:32:52,634 [Worker-13: Launching mavenrun-ca3b407c-3121-44e4-b13a-e3496a9b6112] INFO  o.eclipse.m2e.core.internal.Bundles - 	Entry: C:\Users\maata\.p2\pool\plugins\org.eclipse.m2e.maven.runtime_3.9.700.20240602-2313\jars\maven-compat-3.9.7.jar
2024-08-16 22:32:52,634 [Worker-13: Launching mavenrun-ca3b407c-3121-44e4-b13a-e3496a9b6112] INFO  o.eclipse.m2e.core.internal.Bundles - 	Entry: C:\Users\maata\.p2\pool\plugins\org.eclipse.m2e.maven.runtime_3.9.700.20240602-2313\jars\maven-core-3.9.7.jar
2024-08-16 22:32:52,634 [Worker-13: Launching mavenrun-ca3b407c-3121-44e4-b13a-e3496a9b6112] INFO  o.eclipse.m2e.core.internal.Bundles - 	Entry: C:\Users\maata\.p2\pool\plugins\org.eclipse.m2e.maven.runtime_3.9.700.20240602-2313\jars\maven-embedder-3.9.7.jar
2024-08-16 22:32:52,634 [Worker-13: Launching mavenrun-ca3b407c-3121-44e4-b13a-e3496a9b6112] INFO  o.eclipse.m2e.core.internal.Bundles - 	Entry: C:\Users\maata\.p2\pool\plugins\org.eclipse.m2e.maven.runtime_3.9.700.20240602-2313\jars\maven-model-3.9.7.jar
2024-08-16 22:32:52,634 [Worker-13: Launching mavenrun-ca3b407c-3121-44e4-b13a-e3496a9b6112] INFO  o.eclipse.m2e.core.internal.Bundles - 	Entry: C:\Users\maata\.p2\pool\plugins\org.eclipse.m2e.maven.runtime_3.9.700.20240602-2313\jars\maven-model-builder-3.9.7.jar
2024-08-16 22:32:52,635 [Worker-13: Launching mavenrun-ca3b407c-3121-44e4-b13a-e3496a9b6112] INFO  o.eclipse.m2e.core.internal.Bundles - 	Entry: C:\Users\maata\.p2\pool\plugins\org.eclipse.m2e.maven.runtime_3.9.700.20240602-2313\jars\maven-plugin-api-3.9.7.jar
2024-08-16 22:32:52,635 [Worker-13: Launching mavenrun-ca3b407c-3121-44e4-b13a-e3496a9b6112] INFO  o.eclipse.m2e.core.internal.Bundles - 	Entry: C:\Users\maata\.p2\pool\plugins\org.eclipse.m2e.maven.runtime_3.9.700.20240602-2313\jars\maven-repository-metadata-3.9.7.jar
2024-08-16 22:32:52,635 [Worker-13: Launching mavenrun-ca3b407c-3121-44e4-b13a-e3496a9b6112] INFO  o.eclipse.m2e.core.internal.Bundles - 	Entry: C:\Users\maata\.p2\pool\plugins\org.eclipse.m2e.maven.runtime_3.9.700.20240602-2313\jars\maven-resolver-api-1.9.20.jar
2024-08-16 22:32:52,636 [Worker-13: Launching mavenrun-ca3b407c-3121-44e4-b13a-e3496a9b6112] INFO  o.eclipse.m2e.core.internal.Bundles - 	Entry: C:\Users\maata\.p2\pool\plugins\org.eclipse.m2e.maven.runtime_3.9.700.20240602-2313\jars\maven-resolver-connector-basic-1.9.20.jar
2024-08-16 22:32:52,636 [Worker-13: Launching mavenrun-ca3b407c-3121-44e4-b13a-e3496a9b6112] INFO  o.eclipse.m2e.core.internal.Bundles - 	Entry: C:\Users\maata\.p2\pool\plugins\org.eclipse.m2e.maven.runtime_3.9.700.20240602-2313\jars\maven-resolver-impl-1.9.20.jar
2024-08-16 22:32:52,636 [Worker-13: Launching mavenrun-ca3b407c-3121-44e4-b13a-e3496a9b6112] INFO  o.eclipse.m2e.core.internal.Bundles - 	Entry: C:\Users\maata\.p2\pool\plugins\org.eclipse.m2e.maven.runtime_3.9.700.20240602-2313\jars\maven-resolver-named-locks-1.9.20.jar
2024-08-16 22:32:52,636 [Worker-13: Launching mavenrun-ca3b407c-3121-44e4-b13a-e3496a9b6112] INFO  o.eclipse.m2e.core.internal.Bundles - 	Entry: C:\Users\maata\.p2\pool\plugins\org.eclipse.m2e.maven.runtime_3.9.700.20240602-2313\jars\maven-resolver-provider-3.9.7.jar
2024-08-16 22:32:52,636 [Worker-13: Launching mavenrun-ca3b407c-3121-44e4-b13a-e3496a9b6112] INFO  o.eclipse.m2e.core.internal.Bundles - 	Entry: C:\Users\maata\.p2\pool\plugins\org.eclipse.m2e.maven.runtime_3.9.700.20240602-2313\jars\maven-resolver-spi-1.9.20.jar
2024-08-16 22:32:52,637 [Worker-13: Launching mavenrun-ca3b407c-3121-44e4-b13a-e3496a9b6112] INFO  o.eclipse.m2e.core.internal.Bundles - 	Entry: C:\Users\maata\.p2\pool\plugins\org.eclipse.m2e.maven.runtime_3.9.700.20240602-2313\jars\maven-resolver-transport-file-1.9.20.jar
2024-08-16 22:32:52,637 [Worker-13: Launching mavenrun-ca3b407c-3121-44e4-b13a-e3496a9b6112] INFO  o.eclipse.m2e.core.internal.Bundles - 	Entry: C:\Users\maata\.p2\pool\plugins\org.eclipse.m2e.maven.runtime_3.9.700.20240602-2313\jars\maven-resolver-transport-http-1.9.20.jar
2024-08-16 22:32:52,637 [Worker-13: Launching mavenrun-ca3b407c-3121-44e4-b13a-e3496a9b6112] INFO  o.eclipse.m2e.core.internal.Bundles - 	Entry: C:\Users\maata\.p2\pool\plugins\org.eclipse.m2e.maven.runtime_3.9.700.20240602-2313\jars\maven-resolver-transport-wagon-1.9.20.jar
2024-08-16 22:32:52,637 [Worker-13: Launching mavenrun-ca3b407c-3121-44e4-b13a-e3496a9b6112] INFO  o.eclipse.m2e.core.internal.Bundles - 	Entry: C:\Users\maata\.p2\pool\plugins\org.eclipse.m2e.maven.runtime_3.9.700.20240602-2313\jars\maven-resolver-util-1.9.20.jar
2024-08-16 22:32:52,637 [Worker-13: Launching mavenrun-ca3b407c-3121-44e4-b13a-e3496a9b6112] INFO  o.eclipse.m2e.core.internal.Bundles - 	Entry: C:\Users\maata\.p2\pool\plugins\org.eclipse.m2e.maven.runtime_3.9.700.20240602-2313\jars\maven-settings-3.9.7.jar
2024-08-16 22:32:52,637 [Worker-13: Launching mavenrun-ca3b407c-3121-44e4-b13a-e3496a9b6112] INFO  o.eclipse.m2e.core.internal.Bundles - 	Entry: C:\Users\maata\.p2\pool\plugins\org.eclipse.m2e.maven.runtime_3.9.700.20240602-2313\jars\maven-settings-builder-3.9.7.jar
2024-08-16 22:32:52,638 [Worker-13: Launching mavenrun-ca3b407c-3121-44e4-b13a-e3496a9b6112] INFO  o.eclipse.m2e.core.internal.Bundles - 	Entry: C:\Users\maata\.p2\pool\plugins\org.eclipse.m2e.maven.runtime_3.9.700.20240602-2313\jars\maven-shared-utils-3.4.2.jar
2024-08-16 22:32:52,638 [Worker-13: Launching mavenrun-ca3b407c-3121-44e4-b13a-e3496a9b6112] INFO  o.eclipse.m2e.core.internal.Bundles - 	Entry: C:\Users\maata\.p2\pool\plugins\org.eclipse.m2e.maven.runtime_3.9.700.20240602-2313\jars\org.eclipse.sisu.inject-0.9.0.M2.jar
2024-08-16 22:32:52,638 [Worker-13: Launching mavenrun-ca3b407c-3121-44e4-b13a-e3496a9b6112] INFO  o.eclipse.m2e.core.internal.Bundles - 	Entry: C:\Users\maata\.p2\pool\plugins\org.eclipse.m2e.maven.runtime_3.9.700.20240602-2313\jars\org.eclipse.sisu.plexus-0.9.0.M2.jar
2024-08-16 22:32:52,639 [Worker-13: Launching mavenrun-ca3b407c-3121-44e4-b13a-e3496a9b6112] INFO  o.eclipse.m2e.core.internal.Bundles - 	Entry: C:\Users\maata\.p2\pool\plugins\org.eclipse.m2e.maven.runtime_3.9.700.20240602-2313\jars\plexus-build-api-0.0.7.jar
2024-08-16 22:32:52,639 [Worker-13: Launching mavenrun-ca3b407c-3121-44e4-b13a-e3496a9b6112] INFO  o.eclipse.m2e.core.internal.Bundles - 	Entry: C:\Users\maata\.p2\pool\plugins\org.eclipse.m2e.maven.runtime_3.9.700.20240602-2313\jars\plexus-build-api-1.2.0.jar
2024-08-16 22:32:52,639 [Worker-13: Launching mavenrun-ca3b407c-3121-44e4-b13a-e3496a9b6112] INFO  o.eclipse.m2e.core.internal.Bundles - 	Entry: C:\Users\maata\.p2\pool\plugins\org.eclipse.m2e.maven.runtime_3.9.700.20240602-2313\jars\plexus-cipher-2.0.jar
2024-08-16 22:32:52,639 [Worker-13: Launching mavenrun-ca3b407c-3121-44e4-b13a-e3496a9b6112] INFO  o.eclipse.m2e.core.internal.Bundles - 	Entry: C:\Users\maata\.p2\pool\plugins\org.eclipse.m2e.maven.runtime_3.9.700.20240602-2313\jars\plexus-classworlds-2.8.0.jar
2024-08-16 22:32:52,639 [Worker-13: Launching mavenrun-ca3b407c-3121-44e4-b13a-e3496a9b6112] INFO  o.eclipse.m2e.core.internal.Bundles - 	Entry: C:\Users\maata\.p2\pool\plugins\org.eclipse.m2e.maven.runtime_3.9.700.20240602-2313\jars\plexus-component-annotations-2.1.0.jar
2024-08-16 22:32:52,639 [Worker-13: Launching mavenrun-ca3b407c-3121-44e4-b13a-e3496a9b6112] INFO  o.eclipse.m2e.core.internal.Bundles - 	Entry: C:\Users\maata\.p2\pool\plugins\org.eclipse.m2e.maven.runtime_3.9.700.20240602-2313\jars\plexus-interpolation-1.27.jar
2024-08-16 22:32:52,640 [Worker-13: Launching mavenrun-ca3b407c-3121-44e4-b13a-e3496a9b6112] INFO  o.eclipse.m2e.core.internal.Bundles - 	Entry: C:\Users\maata\.p2\pool\plugins\org.eclipse.m2e.maven.runtime_3.9.700.20240602-2313\jars\plexus-sec-dispatcher-2.0.jar
2024-08-16 22:32:52,640 [Worker-13: Launching mavenrun-ca3b407c-3121-44e4-b13a-e3496a9b6112] INFO  o.eclipse.m2e.core.internal.Bundles - 	Entry: C:\Users\maata\.p2\pool\plugins\org.eclipse.m2e.maven.runtime_3.9.700.20240602-2313\jars\plexus-utils-3.5.1.jar
2024-08-16 22:32:52,641 [Worker-13: Launching mavenrun-ca3b407c-3121-44e4-b13a-e3496a9b6112] INFO  o.eclipse.m2e.core.internal.Bundles - 	Entry: C:\Users\maata\.p2\pool\plugins\org.eclipse.m2e.maven.runtime_3.9.700.20240602-2313\jars\wagon-file-3.5.3.jar
2024-08-16 22:32:52,642 [Worker-13: Launching mavenrun-ca3b407c-3121-44e4-b13a-e3496a9b6112] INFO  o.eclipse.m2e.core.internal.Bundles - 	Entry: C:\Users\maata\.p2\pool\plugins\org.eclipse.m2e.maven.runtime_3.9.700.20240602-2313\jars\wagon-http-3.5.3.jar
2024-08-16 22:32:52,643 [Worker-13: Launching mavenrun-ca3b407c-3121-44e4-b13a-e3496a9b6112] INFO  o.eclipse.m2e.core.internal.Bundles - 	Entry: C:\Users\maata\.p2\pool\plugins\org.eclipse.m2e.maven.runtime_3.9.700.20240602-2313\jars\wagon-http-shared-3.5.3.jar
2024-08-16 22:32:52,643 [Worker-13: Launching mavenrun-ca3b407c-3121-44e4-b13a-e3496a9b6112] INFO  o.eclipse.m2e.core.internal.Bundles - 	Entry: C:\Users\maata\.p2\pool\plugins\org.eclipse.m2e.maven.runtime_3.9.700.20240602-2313\jars\wagon-provider-api-3.5.3.jar
2024-08-16 22:32:52,648 [Worker-13: Launching mavenrun-ca3b407c-3121-44e4-b13a-e3496a9b6112] INFO  o.eclipse.m2e.core.internal.Bundles - getClasspathEntries(Bundle=com.google.guava_33.2.0.jre [10])
2024-08-16 22:32:52,648 [Worker-13: Launching mavenrun-ca3b407c-3121-44e4-b13a-e3496a9b6112] INFO  o.eclipse.m2e.core.internal.Bundles - 	Entry: C:\Users\maata\.p2\pool\plugins\com.google.guava_33.2.0.jre.jar
2024-08-16 22:32:52,648 [Worker-13: Launching mavenrun-ca3b407c-3121-44e4-b13a-e3496a9b6112] INFO  o.eclipse.m2e.core.internal.Bundles - getClasspathEntries(Bundle=slf4j.api_2.0.13 [520])
2024-08-16 22:32:52,649 [Worker-13: Launching mavenrun-ca3b407c-3121-44e4-b13a-e3496a9b6112] INFO  o.eclipse.m2e.core.internal.Bundles - 	Entry: C:\Users\maata\.p2\pool\plugins\slf4j.api_2.0.13.jar
2024-08-16 22:32:52,649 [Worker-13: Launching mavenrun-ca3b407c-3121-44e4-b13a-e3496a9b6112] INFO  o.eclipse.m2e.core.internal.Bundles - getClasspathEntries(Bundle=jakarta.inject.jakarta.inject-api_1.0.5 [21])
2024-08-16 22:32:52,650 [Worker-13: Launching mavenrun-ca3b407c-3121-44e4-b13a-e3496a9b6112] INFO  o.eclipse.m2e.core.internal.Bundles - 	Entry: C:\Users\maata\.p2\pool\plugins\jakarta.inject.jakarta.inject-api_1.0.5.jar
2024-08-16 22:32:52,650 [Worker-13: Launching mavenrun-ca3b407c-3121-44e4-b13a-e3496a9b6112] INFO  o.eclipse.m2e.core.internal.Bundles - getClasspathEntries(Bundle=javax.annotation_1.3.5.v20200909-1856 [24])
2024-08-16 22:32:52,651 [Worker-13: Launching mavenrun-ca3b407c-3121-44e4-b13a-e3496a9b6112] INFO  o.eclipse.m2e.core.internal.Bundles - 	Entry: C:\Users\maata\.p2\pool\plugins\javax.annotation_1.3.5.v20200909-1856.jar
2024-08-16 22:32:52,651 [Worker-13: Launching mavenrun-ca3b407c-3121-44e4-b13a-e3496a9b6112] INFO  o.eclipse.m2e.core.internal.Bundles - getClasspathEntries(Bundle=org.apache.commons.cli_1.8.0 [47])
2024-08-16 22:32:52,652 [Worker-13: Launching mavenrun-ca3b407c-3121-44e4-b13a-e3496a9b6112] INFO  o.eclipse.m2e.core.internal.Bundles - 	Entry: C:\Users\maata\.p2\pool\plugins\org.apache.commons.cli_1.8.0.jar
2024-08-16 22:32:52,652 [Worker-13: Launching mavenrun-ca3b407c-3121-44e4-b13a-e3496a9b6112] INFO  o.eclipse.m2e.core.internal.Bundles - getClasspathEntries(Bundle=org.apache.commons.commons-codec_1.16.0 [48])
2024-08-16 22:32:52,652 [Worker-13: Launching mavenrun-ca3b407c-3121-44e4-b13a-e3496a9b6112] INFO  o.eclipse.m2e.core.internal.Bundles - 	Entry: C:\Users\maata\.p2\pool\plugins\org.apache.commons.commons-codec_1.16.0.jar
2024-08-16 22:32:52,652 [Worker-13: Launching mavenrun-ca3b407c-3121-44e4-b13a-e3496a9b6112] INFO  o.eclipse.m2e.core.internal.Bundles - getClasspathEntries(Bundle=org.apache.commons.lang3_3.14.0 [54])
2024-08-16 22:32:52,653 [Worker-13: Launching mavenrun-ca3b407c-3121-44e4-b13a-e3496a9b6112] INFO  o.eclipse.m2e.core.internal.Bundles - 	Entry: C:\Users\maata\.p2\pool\plugins\org.apache.commons.lang3_3.14.0.jar
2024-08-16 22:32:52,653 [Worker-13: Launching mavenrun-ca3b407c-3121-44e4-b13a-e3496a9b6112] INFO  o.eclipse.m2e.core.internal.Bundles - getClasspathEntries(Bundle=com.google.guava.failureaccess_1.0.2 [11])
2024-08-16 22:32:52,654 [Worker-13: Launching mavenrun-ca3b407c-3121-44e4-b13a-e3496a9b6112] INFO  o.eclipse.m2e.core.internal.Bundles - 	Entry: C:\Users\maata\.p2\pool\plugins\com.google.guava.failureaccess_1.0.2.jar
2024-08-16 22:32:52,667 [Worker-13: Launching mavenrun-ca3b407c-3121-44e4-b13a-e3496a9b6112] INFO  o.e.m.i.launch.MavenLaunchDelegate - Run build in "C:\Users\maata\AppData\Local\Temp\m2e-archetypeGenerator15571517297770380577":
2024-08-16 22:32:52,675 [Worker-13: Launching mavenrun-ca3b407c-3121-44e4-b13a-e3496a9b6112] INFO  o.e.m.i.launch.MavenLaunchDelegate -  mvn  -DarchetypeGroupId=org.apache.maven.archetypes -DarchetypeArtifactId=maven-archetype-quickstart -DarchetypeVersion=1.1 -DgroupId=Guru99WithGit -DartifactId=Guru99WithGit -Dversion=0.0.1-SNAPSHOT -Dpackage=Guru99WithGit.Guru99WithGit -DoutputDirectory="C:\Users\maata\OneDrive\Desktop\Git Commands\Master\M1" -Dstyle.color=always -U archetype:generate
2024-08-16 22:33:22,126 [Worker-17: Creating maven-archetype-quickstart] INFO  o.e.m.c.i.p.ProjectConfigurationManager - Collecting project info '/pom.xml' C:\Users\maata\OneDrive\Desktop\Git Commands\Master\M1\Guru99WithGit\pom.xml
2024-08-16 22:33:22,884 [Worker-17: Creating maven-archetype-quickstart] INFO  o.e.m.c.i.l.LifecycleMappingFactory - Using org.eclipse.m2e.jdt.JarLifecycleMapping lifecycle mapping for MavenProject: Guru99WithGit:Guru99WithGit:0.0.1-SNAPSHOT @ C:\Users\maata\OneDrive\Desktop\Git Commands\Master\M1\Guru99WithGit\pom.xml.
2024-08-16 22:33:23,828 [Worker-17: Creating maven-archetype-quickstart] INFO  o.e.m.j.i.AbstractJavaProjectConfigurator - Adding source folder /Guru99WithGit/src/main/java
2024-08-16 22:33:23,833 [Worker-17: Creating maven-archetype-quickstart] INFO  o.e.m.j.i.AbstractJavaProjectConfigurator - Adding resource folder /Guru99WithGit/src/main/resources
2024-08-16 22:33:23,845 [Worker-17: Creating maven-archetype-quickstart] INFO  o.e.m.j.i.AbstractJavaProjectConfigurator - Adding source folder /Guru99WithGit/src/test/java
2024-08-16 22:33:23,847 [Worker-17: Creating maven-archetype-quickstart] INFO  o.e.m.j.i.AbstractJavaProjectConfigurator - Adding resource folder /Guru99WithGit/src/test/resources
2024-08-16 22:33:24,089 [Worker-17: Creating maven-archetype-quickstart] INFO  o.e.m.c.i.p.ProjectConfigurationManager - Imported and configured 1 project(s) in 1 sec
2024-08-16 22:33:25,141 [Worker-2: Building] INFO  o.a.m.s.f.DefaultMavenResourcesFiltering - skip non existing resourceDirectory C:\Users\maata\OneDrive\Desktop\Git Commands\Master\M1\Guru99WithGit\src\main\resources
2024-08-16 22:33:25,153 [Worker-2: Building] INFO  o.a.m.s.f.DefaultMavenResourcesFiltering - skip non existing resourceDirectory C:\Users\maata\OneDrive\Desktop\Git Commands\Master\M1\Guru99WithGit\src\test\resources
2024-08-16 22:33:38,933 [Worker-3: Building] INFO  o.e.m.c.i.l.LifecycleMappingFactory - Using org.eclipse.m2e.jdt.JarLifecycleMapping lifecycle mapping for MavenProject: Guru99WithGit:Guru99WithGit:0.0.1-SNAPSHOT @ C:\Users\maata\OneDrive\Desktop\Git Commands\Master\M1\Guru99WithGit\pom.xml.
2024-08-16 22:33:40,034 [Worker-3: Building] INFO  o.a.m.s.f.DefaultMavenResourcesFiltering - skip non existing resourceDirectory C:\Users\maata\OneDrive\Desktop\Git Commands\Master\M1\Guru99WithGit\src\main\resources
2024-08-16 22:33:40,042 [Worker-3: Building] INFO  o.a.m.s.f.DefaultMavenResourcesFiltering - skip non existing resourceDirectory C:\Users\maata\OneDrive\Desktop\Git Commands\Master\M1\Guru99WithGit\src\test\resources
2024-08-16 22:33:42,558 [Worker-4: Building] INFO  o.a.m.s.f.DefaultMavenResourcesFiltering - skip non existing resourceDirectory C:\Users\maata\OneDrive\Desktop\Git Commands\Master\M1\Guru99WithGit\src\main\resources
2024-08-16 22:33:42,563 [Worker-4: Building] INFO  o.a.m.s.f.DefaultMavenResourcesFiltering - skip non existing resourceDirectory C:\Users\maata\OneDrive\Desktop\Git Commands\Master\M1\Guru99WithGit\src\test\resources
2024-08-16 22:33:49,784 [Worker-14: Building] INFO  o.a.m.s.f.DefaultMavenResourcesFiltering - Copying 0 resource from src\main\resources to target\classes
2024-08-16 22:33:49,790 [Worker-14: Building] INFO  o.a.m.s.f.DefaultMavenResourcesFiltering - Copying 0 resource from src\test\resources to target\test-classes
2024-08-16 22:33:55,458 [Worker-7: Building] INFO  o.a.m.s.f.DefaultMavenResourcesFiltering - Copying 0 resource from src\main\resources to target\classes
2024-08-16 22:33:55,463 [Worker-7: Building] INFO  o.a.m.s.f.DefaultMavenResourcesFiltering - Copying 0 resource from src\test\resources to target\test-classes
2024-08-16 22:33:58,403 [Worker-20: Building] INFO  o.a.m.s.f.DefaultMavenResourcesFiltering - Copying 0 resource from src\main\resources to target\classes
2024-08-16 22:33:58,423 [Worker-20: Building] INFO  o.a.m.s.f.DefaultMavenResourcesFiltering - Copying 0 resource from src\test\resources to target\test-classes
2024-08-16 22:34:24,996 [Worker-20: Building] INFO  o.a.m.s.f.DefaultMavenResourcesFiltering - Copying 0 resource from src\main\resources to target\classes
2024-08-16 22:34:25,010 [Worker-20: Building] INFO  o.a.m.s.f.DefaultMavenResourcesFiltering - Copying 0 resource from src\test\resources to target\test-classes
2024-08-16 22:34:35,228 [Worker-12: Building] INFO  o.a.m.s.f.DefaultMavenResourcesFiltering - Copying 0 resource from src\main\resources to target\classes
2024-08-16 22:34:35,238 [Worker-12: Building] INFO  o.a.m.s.f.DefaultMavenResourcesFiltering - Copying 0 resource from src\test\resources to target\test-classes
2024-08-16 22:34:46,812 [Worker-18: Building] INFO  o.a.m.s.f.DefaultMavenResourcesFiltering - Copying 0 resource from src\main\resources to target\classes
2024-08-16 22:34:46,820 [Worker-18: Building] INFO  o.a.m.s.f.DefaultMavenResourcesFiltering - Copying 0 resource from src\test\resources to target\test-classes
2024-08-16 22:35:33,196 [Worker-17: Building] INFO  o.a.m.s.f.DefaultMavenResourcesFiltering - Copying 0 resource from src\main\resources to target\classes
2024-08-16 22:35:33,199 [Worker-17: Building] INFO  o.a.m.s.f.DefaultMavenResourcesFiltering - Copying 0 resource from src\test\resources to target\test-classes
2024-08-16 22:36:20,080 [Worker-17: Building] INFO  o.a.m.s.f.DefaultMavenResourcesFiltering - Copying 0 resource from src\main\resources to target\classes
2024-08-16 22:36:20,084 [Worker-17: Building] INFO  o.a.m.s.f.DefaultMavenResourcesFiltering - Copying 0 resource from src\test\resources to target\test-classes
2024-08-16 22:36:34,401 [Worker-3: Building] INFO  o.a.m.s.f.DefaultMavenResourcesFiltering - Copying 0 resource from src\main\resources to target\classes
2024-08-16 22:36:34,407 [Worker-3: Building] INFO  o.a.m.s.f.DefaultMavenResourcesFiltering - Copying 0 resource from src\test\resources to target\test-classes
2024-08-16 22:36:58,557 [Worker-20: Building] INFO  o.a.m.s.f.DefaultMavenResourcesFiltering - Copying 0 resource from src\main\resources to target\classes
2024-08-16 22:36:58,560 [Worker-20: Building] INFO  o.a.m.s.f.DefaultMavenResourcesFiltering - Copying 0 resource from src\test\resources to target\test-classes
2024-08-16 22:37:32,318 [Worker-15: Launching RunnerTest] INFO  o.a.m.s.f.DefaultMavenResourcesFiltering - Copying 0 resource from src\main\resources to target\classes
2024-08-16 22:37:32,329 [Worker-15: Launching RunnerTest] INFO  o.a.m.s.f.DefaultMavenResourcesFiltering - Copying 0 resource from src\test\resources to target\test-classes
